{
  "RSpec": {
    "coverage": {
      "/Users/admin/Desktop/MAKERS/W7-MakersBnb/CeleBnB/app.rb": {
        "lines": [
          1,
          1,
          1,
          1,
          null,
          1,
          1,
          null,
          1,
          1,
          null,
          null,
          1,
          1,
          null,
          null,
          1,
          1,
          1,
          1,
          null,
          null,
          1,
          2,
          2,
          null,
          null,
          1,
          1,
          1,
          1,
          null,
          null,
          1,
          9,
          9,
          9,
          null,
          null,
          1,
          1,
          null,
          null,
          1,
          3,
          null,
          null,
          1,
          3,
          3,
          null,
          null,
          null,
          1,
          null
        ]
      },
      "/Users/admin/Desktop/MAKERS/W7-MakersBnb/CeleBnB/lib/property.rb": {
        "lines": [
          1,
          1,
          4,
          4,
          null,
          0,
          null,
          null,
          4,
          null,
          null,
          1,
          10,
          10,
          null,
          0,
          null,
          null,
          10,
          null,
          null,
          1,
          2,
          2,
          null,
          0,
          null,
          2,
          2,
          null,
          null,
          null
        ]
      },
      "/Users/admin/Desktop/MAKERS/W7-MakersBnb/CeleBnB/lib/user.rb": {
        "lines": [
          1,
          null,
          1,
          null,
          1,
          2,
          2,
          2,
          2,
          null,
          null,
          null,
          1,
          3,
          3,
          null,
          0,
          null,
          null,
          3,
          null,
          null,
          1,
          2,
          2,
          null,
          0,
          null,
          null,
          2,
          null,
          2,
          null,
          null,
          2,
          null,
          null,
          null,
          null,
          null
        ]
      },
      "/Users/admin/Desktop/MAKERS/W7-MakersBnb/CeleBnB/spec/features/add_properties_spec.rb": {
        "lines": [
          1,
          null,
          null,
          null,
          null,
          1,
          1,
          1,
          1,
          1,
          1,
          null,
          null,
          null,
          null,
          null,
          1,
          1,
          1,
          1,
          1,
          1,
          1,
          1,
          1,
          null,
          null,
          null
        ]
      },
      "/Users/admin/Desktop/MAKERS/W7-MakersBnb/CeleBnB/spec/features/book_spec.rb": {
        "lines": [
          1,
          1,
          1,
          1,
          1,
          1,
          1,
          1,
          null,
          null,
          null,
          null
        ]
      },
      "/Users/admin/Desktop/MAKERS/W7-MakersBnb/CeleBnB/spec/features/sign_in_spec.rb": {
        "lines": [
          null,
          null,
          null,
          null,
          1,
          1,
          1,
          1,
          1,
          1,
          1,
          1,
          1,
          1,
          1,
          null,
          null
        ]
      },
      "/Users/admin/Desktop/MAKERS/W7-MakersBnb/CeleBnB/spec/features/sign_up_spec.rb": {
        "lines": [
          null,
          null,
          null,
          null,
          1,
          1,
          1,
          1,
          1,
          1,
          1,
          1,
          1,
          null,
          null
        ]
      },
      "/Users/admin/Desktop/MAKERS/W7-MakersBnb/CeleBnB/spec/features/test_page_spec.rb": {
        "lines": [
          1,
          1,
          1,
          1,
          null,
          null
        ]
      },
      "/Users/admin/Desktop/MAKERS/W7-MakersBnb/CeleBnB/spec/features/view_properties_spec.rb": {
        "lines": [
          null,
          null,
          null,
          null,
          1,
          1,
          1,
          1,
          1,
          1,
          null,
          null
        ]
      },
      "/Users/admin/Desktop/MAKERS/W7-MakersBnb/CeleBnB/spec/property_spec.rb": {
        "lines": [
          null,
          null,
          1,
          1,
          1,
          1,
          1,
          1,
          null,
          null,
          null,
          1,
          1,
          1,
          1,
          1,
          1,
          1,
          1,
          1,
          1,
          1,
          null,
          null,
          null,
          1,
          1,
          1,
          1,
          1,
          1,
          1,
          null,
          null,
          null,
          null
        ]
      },
      "/Users/admin/Desktop/MAKERS/W7-MakersBnb/CeleBnB/spec/user_spec.rb": {
        "lines": [
          1,
          1,
          1,
          1,
          1,
          1,
          1,
          1,
          1,
          null,
          null,
          null,
          1,
          1,
          1,
          1,
          1,
          1,
          1,
          1,
          null,
          null,
          null,
          null,
          null
        ]
      }
    },
    "timestamp": 1625068224
  }
}
