{
  "RSpec": {
    "coverage": {
      "/Users/admin/Desktop/MAKERS/W7-MakersBnb/CeleBnB/app.rb": {
        "lines": [
          1,
          null,
          1,
          1,
          1,
          null,
          null,
          1,
          1,
          null,
          null,
          1,
          1,
          null,
          null,
          1,
          1,
          null,
          null,
          1,
          null
        ]
      },
      "/Users/admin/Desktop/MAKERS/W7-MakersBnb/CeleBnB/spec/features/add_property_spec.rb": {
        "lines": [
          1,
          1,
          1,
          1,
          1,
          1,
          1,
          1,
          1,
          1,
          1,
          1,
          1,
          null,
          null
        ]
      },
      "/Users/admin/Desktop/MAKERS/W7-MakersBnb/CeleBnB/spec/features/test_page_spec.rb": {
        "lines": [
          1,
          1,
          1,
          1,
          null,
          null
        ]
      }
    },
    "timestamp": 1624976681
  }
}
